Using pre-set license

 COMMAND LINE ARGUMENTS:
/Applications/Unity/Hub/Editor/2020.3.12f1/Unity.app/Contents/MacOS/Unity
-adb2
-batchMode
-noUpm
-name
AssetImportWorker0
-projectPath
/Users/mattarnold/Downloads/S2/Cameras
-logFile
Logs/AssetImportWorker0.log
-srvPort
50533
Successfully changed project path to: /Users/mattarnold/Downloads/S2/Cameras
/Users/mattarnold/Downloads/S2/Cameras
Using Asset Import Pipeline V2.
Refreshing native plugins compatible for Editor in 32.07 ms, found 2 plugins.
Preloading 0 native plugins for Editor in 0.00 ms.
Initialize engine version: 2020.3.12f1 (b3b2c6512326)
[Subsystems] Discovering subsystems at path /Applications/Unity/Hub/Editor/2020.3.12f1/Unity.app/Contents/Resources/UnitySubsystems
[Subsystems] Discovering subsystems at path /Users/mattarnold/Downloads/S2/Cameras/Assets
GfxDevice: creating device client; threaded=0
2022-02-07 13:10:28.743 Unity[2977:74510] (null) preferred device: Apple M1 (high power)
2022-02-07 13:10:28.743 Unity[2977:74510] Metal devices available: 1
2022-02-07 13:10:28.743 Unity[2977:74510] 0: Apple M1 (high power)
2022-02-07 13:10:28.743 Unity[2977:74510] Using device Apple M1 (high power)
Initializing Metal device caps: Apple M1
Initialize mono
Mono path[0] = '/Applications/Unity/Hub/Editor/2020.3.12f1/Unity.app/Contents/Managed'
Mono path[1] = '/Applications/Unity/Hub/Editor/2020.3.12f1/Unity.app/Contents/MonoBleedingEdge/lib/mono/unityjit'
Mono config path = '/Applications/Unity/Hub/Editor/2020.3.12f1/Unity.app/Contents/MonoBleedingEdge/etc'
Using monoOptions --debugger-agent=transport=dt_socket,embedding=1,server=y,suspend=n,address=127.0.0.1:56977
Begin MonoManager ReloadAssembly
Registering precompiled unity dll's ...
Register platform support module: /Applications/Unity/Hub/Editor/2020.3.12f1/Unity.app/Contents/PlaybackEngines/MacStandaloneSupport/UnityEditor.OSXStandalone.Extensions.dll
Registered in 0.001143 seconds.
Native extension for OSXStandalone target not found
Refreshing native plugins compatible for Editor in 33.37 ms, found 2 plugins.
Preloading 0 native plugins for Editor in 0.00 ms.
Mono: successfully reloaded assembly
- Completed reload, in  1.622 seconds
Platform modules already initialized, skipping
Registering precompiled user dll's ...
Registered in 0.002984 seconds.
Begin MonoManager ReloadAssembly
Native extension for OSXStandalone target not found
Refreshing native plugins compatible for Editor in 0.29 ms, found 2 plugins.
Preloading 0 native plugins for Editor in 0.00 ms.
Mono: successfully reloaded assembly
- Completed reload, in  1.950 seconds
Platform modules already initialized, skipping
========================================================================
Worker process is ready to serve import requests
Launching external process: /Applications/Unity/Hub/Editor/2020.3.12f1/Unity.app/Contents/Tools/UnityShaderCompiler
Launched and connected shader compiler UnityShaderCompiler after 0.03 seconds
Refreshing native plugins compatible for Editor in 0.29 ms, found 2 plugins.
Preloading 0 native plugins for Editor in 0.00 ms.
Unloading 1525 Unused Serialized files (Serialized files now loaded: 0)
System memory in use before: 150.9 MB.
System memory in use after: 151.0 MB.

Unloading 19 unused Assets to reduce memory usage. Loaded Objects now: 1974.
Total: 1.451209 ms (FindLiveObjects: 0.111916 ms CreateObjectMapping: 0.029000 ms MarkObjects: 1.230042 ms  DeleteObjects: 0.079625 ms)

AssetImportParameters requested are different than current active one (requested -> active):
  custom:video-decoder-ogg-theora: a1e56fd34408186e4bbccfd4996cb3dc -> 
  custom:container-muxer-webm: aa71ff27fc2769a1b78a27578f13a17b -> 
  custom:container-demuxer-webm: 4f35f7cbe854078d1ac9338744f61a02 -> 
  custom:container-demuxer-ogg: 62fdf1f143b41e24485cea50d1cbac27 -> 
  custom:video-encoder-webm-vp8: eb34c28f22e8b96e1ab97ce403110664 -> 
  custom:framework-osx-AVFoundation: e770b220cccbd017edd2c1fefb359320 -> 
  custom:video-decoder-webm-vp8: 9c59270c3fd7afecdb556c50c9e8de78 -> 
  custom:audio-decoder-ogg-vorbis: bf7c407c2cedff20999df2af8eb42d56 -> 
  custom:audio-encoder-webm-vorbis: bf7c407c2cedff20999df2af8eb42d56 -> 
========================================================================
Received Import Request.
  path: Assets/Tutorials/TransformPages/9-Rotate.asset
  artifactKey: Guid(cb14c4ff3a60d4613b7c3374326fdb60) Importer(815301076,1909f56bfc062723c751e8b465ee728b)
Start importing Assets/Tutorials/TransformPages/9-Rotate.asset using Guid(cb14c4ff3a60d4613b7c3374326fdb60) Importer(815301076,1909f56bfc062723c751e8b465ee728b)  -> (artifact id: '1f0c561d2abdc84e6d666db8a39b5511') in 0.447044 seconds 
  Import took 0.449198 seconds .

========================================================================
Received Import Request.
  Time since last request: 0.000243 seconds.
  path: Assets/Tutorials/TransformPages/7-Transform.asset
  artifactKey: Guid(516e1447b89274c01985df59ffa5335d) Importer(815301076,1909f56bfc062723c751e8b465ee728b)
Start importing Assets/Tutorials/TransformPages/7-Transform.asset using Guid(516e1447b89274c01985df59ffa5335d) Importer(815301076,1909f56bfc062723c751e8b465ee728b)  -> (artifact id: '102f43d0b623c4842e5eec0ebdb3923d') in 0.003527 seconds 
  Import took 0.005273 seconds .

========================================================================
Received Import Request.
  Time since last request: 0.000230 seconds.
  path: Assets/Tutorials/TransformPages/11-InspectorTransform.asset
  artifactKey: Guid(f81014bff9ca644c9a1fa03a876be4bd) Importer(815301076,1909f56bfc062723c751e8b465ee728b)
Start importing Assets/Tutorials/TransformPages/11-InspectorTransform.asset using Guid(f81014bff9ca644c9a1fa03a876be4bd) Importer(815301076,1909f56bfc062723c751e8b465ee728b)  -> (artifact id: 'b6b21778427bae9453031307f7e1db80') in 0.041121 seconds 
  Import took 0.043355 seconds .

========================================================================
Received Import Request.
  Time since last request: 0.000176 seconds.
  path: Assets/Tutorials/TransformPages/6-SelectCamera.asset
  artifactKey: Guid(49511ef45009e40d586cc2e02ba648d8) Importer(815301076,1909f56bfc062723c751e8b465ee728b)
Start importing Assets/Tutorials/TransformPages/6-SelectCamera.asset using Guid(49511ef45009e40d586cc2e02ba648d8) Importer(815301076,1909f56bfc062723c751e8b465ee728b)  -> (artifact id: '8f324374a71c09dfc1c8d5cb91d9c79b') in 0.003102 seconds 
  Import took 0.005099 seconds .

========================================================================
Received Import Request.
  Time since last request: 451.195122 seconds.
  path: Assets/Tutorials/CityBlock/5-CityStart.asset
  artifactKey: Guid(247080b1ba0da47058e029571dbbf9ff) Importer(815301076,1909f56bfc062723c751e8b465ee728b)
Start importing Assets/Tutorials/CityBlock/5-CityStart.asset using Guid(247080b1ba0da47058e029571dbbf9ff) Importer(815301076,1909f56bfc062723c751e8b465ee728b)  -> (artifact id: '48811c95b8a7bb489c3be2fbc7f27276') in 0.011003 seconds 
  Import took 0.025916 seconds .

